[debug] [2023-12-09T21:52:14.025Z] ----------------------------------------------------------------------
[debug] [2023-12-09T21:52:14.027Z] Command:       C:\Program Files\nodejs\node.exe C:\Users\Aishwarya\AppData\Roaming\npm\node_modules\firebase-tools\lib\bin\firebase.js init
[debug] [2023-12-09T21:52:14.028Z] CLI Version:   13.0.1
[debug] [2023-12-09T21:52:14.028Z] Platform:      win32
[debug] [2023-12-09T21:52:14.028Z] Node Version:  v18.18.0
[debug] [2023-12-09T21:52:14.030Z] Time:          Sun Dec 10 2023 03:22:14 GMT+0530 (India Standard Time)
[debug] [2023-12-09T21:52:14.030Z] ----------------------------------------------------------------------
[debug] 
[debug] [2023-12-09T21:52:14.039Z] > command requires scopes: ["email","openid","https://www.googleapis.com/auth/cloudplatformprojects.readonly","https://www.googleapis.com/auth/firebase","https://www.googleapis.com/auth/cloud-platform"]
[debug] [2023-12-09T21:52:14.039Z] > authorizing via signed-in user (aishwaryagoriwale8520@gmail.com)
[info] 
     ######## #### ########  ######## ########     ###     ######  ########
     ##        ##  ##     ## ##       ##     ##  ##   ##  ##       ##
     ######    ##  ########  ######   ########  #########  ######  ######
     ##        ##  ##    ##  ##       ##     ## ##     ##       ## ##
     ##       #### ##     ## ######## ########  ##     ##  ######  ########

You're about to initialize a Firebase project in this directory:

  C:\xampp\htdocs\Travel

Before we get started, keep in mind:

  * You are currently outside your home directory

[info] 
=== Project Setup
[info] 
[info] First, let's associate this project directory with a Firebase project.
[info] You can create multiple project aliases by running firebase use --add, 
[info] but for now we'll just set up a default project.
[info] 
[debug] [2023-12-09T21:52:25.064Z] > refreshing access token with scopes: []
[debug] [2023-12-09T21:52:25.067Z] >>> [apiv2][query] POST https://www.googleapis.com/oauth2/v3/token [none]
[debug] [2023-12-09T21:52:25.067Z] >>> [apiv2][body] POST https://www.googleapis.com/oauth2/v3/token [omitted]
[debug] [2023-12-09T21:52:25.491Z] <<< [apiv2][status] POST https://www.googleapis.com/oauth2/v3/token 200
[debug] [2023-12-09T21:52:25.491Z] <<< [apiv2][body] POST https://www.googleapis.com/oauth2/v3/token [omitted]
[debug] [2023-12-09T21:52:25.633Z] >>> [apiv2][query] GET https://firebase.googleapis.com/v1beta1/projects pageSize=100
[debug] [2023-12-09T21:52:27.041Z] <<< [apiv2][status] GET https://firebase.googleapis.com/v1beta1/projects 200
[debug] [2023-12-09T21:52:27.041Z] <<< [apiv2][body] GET https://firebase.googleapis.com/v1beta1/projects [omitted]
